<?xml version="1.0" encoding="UTF-8"?>
<testng-results skipped="0" failed="0" ignored="0" total="1" passed="1">
  <reporter-output>
  </reporter-output>
  <suite name="Surefire suite" duration-ms="21408" started-at="2018-12-10T15:38:26Z" finished-at="2018-12-10T15:38:48Z">
    <groups>
    </groups>
    <test name="Surefire test" duration-ms="21408" started-at="2018-12-10T15:38:26Z" finished-at="2018-12-10T15:38:48Z">
      <class name="Tests.Tests">
        <test-method status="PASS" signature="setUp()[pri:0, instance:Tests.Tests@2d209079]" name="setUp" is-config="true" duration-ms="1166" started-at="2018-12-10T15:38:26Z" finished-at="2018-12-10T15:38:28Z">
          <reporter-output>
          </reporter-output>
        </test-method> <!-- setUp -->
        <test-method status="PASS" signature="buscarZapatos()[pri:0, instance:Tests.Tests@2d209079]" name="buscarZapatos" duration-ms="20210" started-at="2018-12-10T15:38:28Z" finished-at="2018-12-10T15:38:48Z">
          <reporter-output>
          </reporter-output>
        </test-method> <!-- buscarZapatos -->
      </class> <!-- Tests.Tests -->
    </test> <!-- Surefire test -->
  </suite> <!-- Surefire suite -->
</testng-results>
